[2025-12-09 20:47:53] User logout: 4651050265 {"ip":"::1"}
[2025-12-09 20:47:57] User login successful: 4651050265 {"ip":"::1"}
[2025-12-09 21:03:05] Database connection error: Unknown database 'leaderclub2' 
[2025-12-09 21:03:35] Database connection error: Unknown database 'leaderclub2' 
[2025-12-09 21:04:05] Database connection error: Unknown database 'leaderclub2' 
[2025-12-09 21:04:35] Database connection error: Unknown database 'leaderclub2' 
[2025-12-09 21:05:05] Database connection error: Unknown database 'leaderclub2' 
[2025-12-09 21:06:06] Database connection error: Unknown database 'leaderclub2' 
[2025-12-09 21:07:07] Database connection error: Unknown database 'leaderclub2' 
[2025-12-09 21:08:08] Database connection error: Unknown database 'leaderclub2' 
[2025-12-09 21:09:09] Database connection error: Unknown database 'leaderclub2' 
[2025-12-09 21:09:46] Database connection error: Unknown database 'leaderclub2' 
[2025-12-09 21:09:48] Database connection error: Unknown database 'leaderclub2' 
[2025-12-09 21:09:49] Database connection error: Unknown database 'leaderclub2' 
[2025-12-09 21:09:51] Database connection error: Unknown database 'leaderclub2' 
[2025-12-09 21:09:51] Database connection error: Unknown database 'leaderclub2' 
[2025-12-09 21:09:52] Database connection error: Unknown database 'leaderclub2' 
[2025-12-09 21:09:52] Database connection error: Unknown database 'leaderclub2' 
[2025-12-09 21:09:52] Database connection error: Unknown database 'leaderclub2' 
[2025-12-09 21:09:53] Database connection error: Unknown database 'leaderclub2' 
[2025-12-09 21:09:53] Database connection error: Unknown database 'leaderclub2' 
[2025-12-09 21:09:53] Database connection error: Unknown database 'leaderclub2' 
[2025-12-09 21:10:23] Database connection error: Unknown database 'leaderclub2' 
[2025-12-09 21:30:25] User created club: Đội Thanh Niên Xung Kích Khoa CNTT {"user_id":1,"club_id":1}
[2025-12-09 21:30:45] User created club: Đội Thanh Niên Xung Kích Khoa CNTT {"user_id":1,"club_id":2}
[2025-12-09 21:45:59] User logout: 4651050265 {"ip":"::1"}
[2025-12-09 21:46:26] User registered: 4651050265 {"ip":"::1"}
[2025-12-09 21:46:40] User login successful: 4651050265 {"ip":"::1"}
[2025-12-09 21:52:54] User created club: Đội Thanh Niên Xung Kích Khoa CNTT {"user_id":1,"club_id":4}
[2025-12-09 21:54:11] User created club: Đội Thanh Niên Xung Kích Khoa CNTT {"user_id":1,"club_id":5}
[2025-12-09 23:51:55] User login successful: 4651050265 {"ip":"::1"}
