[2025-12-11 14:01:01] User login successful: Admin {"ip":"::1"}
[2025-12-11 14:12:40] User logout: Admin {"ip":"::1"}
[2025-12-11 14:12:46] User login successful: 4651050265 {"ip":"::1"}
[2025-12-11 14:13:21] User logout: 4651050265 {"ip":"::1"}
[2025-12-11 14:13:24] User login successful: Admin {"ip":"::1"}
[2025-12-11 14:13:35] User logout: Admin {"ip":"::1"}
[2025-12-11 14:13:37] User login successful: Admin {"ip":"::1"}
[2025-12-11 14:13:39] User logout: Admin {"ip":"::1"}
[2025-12-11 14:13:40] User login successful: Admin {"ip":"::1"}
[2025-12-11 15:37:21] User logout: Admin {"ip":"::1"}
[2025-12-11 15:37:24] User login successful: 4651050265 {"ip":"::1"}
[2025-12-11 15:37:28] User logout: 4651050265 {"ip":"::1"}
[2025-12-11 15:41:08] User login successful: 4651050265 {"ip":"::1"}
[2025-12-11 15:53:22] User logout: 4651050265 {"ip":"::1"}
[2025-12-11 15:53:41] User registered: tien2005 {"ip":"::1"}
[2025-12-11 15:54:29] User login successful: tien2005 {"ip":"::1"}
[2025-12-11 15:55:05] User logout: tien2005 {"ip":"::1"}
[2025-12-11 15:55:09] User login successful: 4651050265 {"ip":"::1"}
[2025-12-11 16:25:45] User registered: qatest {"ip":"127.0.0.1"}
[2025-12-11 16:26:42] User login successful: qatest {"ip":"127.0.0.1"}
[2025-12-11 22:52:11] User registered: nhiemvn8 {"ip":"::1"}
[2025-12-11 23:02:22] User login successful: 4651050265 {"ip":"::1"}
[2025-12-11 23:13:22] User logout: 4651050265 {"ip":"::1"}
[2025-12-11 23:13:36] User registered: 4651050199 {"ip":"::1"}
[2025-12-11 23:13:58] User login successful: 4651050199 {"ip":"::1"}
[2025-12-11 23:23:28] User logout: 4651050199 {"ip":"::1"}
[2025-12-11 23:23:32] User login successful: 4651050265 {"ip":"::1"}
[2025-12-11 23:30:00] User logout: 4651050265 {"ip":"::1"}
[2025-12-11 23:30:03] User login successful: 4651050199 {"ip":"::1"}
[2025-12-11 23:30:09] User logout: 4651050199 {"ip":"::1"}
[2025-12-11 23:30:12] User login successful: 4651050265 {"ip":"::1"}
[2025-12-11 23:32:25] Member request rejected {"club_id":5,"member_id":7,"rejected_by":1}
[2025-12-11 23:32:45] User logout: 4651050265 {"ip":"::1"}
[2025-12-11 23:32:48] User login successful: 4651050199 {"ip":"::1"}
[2025-12-11 23:34:50] User logout: 4651050199 {"ip":"::1"}
[2025-12-11 23:34:54] User login successful: 4651050265 {"ip":"::1"}
[2025-12-11 23:34:58] Member request approved {"club_id":5,"member_id":8,"approved_by":1}
[2025-12-11 23:35:18] User logout: 4651050265 {"ip":"::1"}
[2025-12-11 23:35:20] User login successful: 4651050199 {"ip":"::1"}
[2025-12-11 23:45:54] User logout: 4651050199 {"ip":"::1"}
[2025-12-11 23:45:57] User login successful: 4651050265 {"ip":"::1"}
