[2025-12-10 09:16:18] User logout: 4651050265 {"ip":"::1"}
[2025-12-10 09:16:33] User registered: tien2005 {"ip":"::1"}
[2025-12-10 09:17:37] User login successful: tien2005 {"ip":"::1"}
[2025-12-10 09:34:40] Error joining club: Unknown column 'so_dien_thoai' in 'field list' {"club_id":5,"user_id":2}
[2025-12-10 09:37:03] Error joining club: Unknown column 'so_dien_thoai' in 'field list' {"club_id":5,"user_id":2}
[2025-12-10 09:37:13] Error joining club: Unknown column 'so_dien_thoai' in 'field list' {"club_id":5,"user_id":2}
[2025-12-10 09:37:44] User logout: tien2005 {"ip":"::1"}
[2025-12-10 09:37:50] User login successful: 4651050265 {"ip":"::1"}
[2025-12-10 09:39:06] User logout: 4651050265 {"ip":"::1"}
[2025-12-10 09:39:09] User login successful: tien2005 {"ip":"::1"}
[2025-12-10 09:39:22] Error joining club: Unknown column 'so_dien_thoai' in 'field list' {"club_id":5,"user_id":2}
[2025-12-10 09:39:42] Error joining club: Unknown column 'so_dien_thoai' in 'field list' {"club_id":5,"user_id":2}
[2025-12-10 09:42:37] Error joining club: Unknown column 'so_dien_thoai' in 'field list' {"club_id":5,"user_id":2}
[2025-12-10 09:42:48] Error joining club: Unknown column 'so_dien_thoai' in 'field list' {"club_id":5,"user_id":2}
[2025-12-10 09:46:17] User logout: tien2005 {"ip":"::1"}
[2025-12-10 09:46:20] User login successful: 4651050265 {"ip":"::1"}
[2025-12-10 09:55:12] User logout: 4651050265 {"ip":"::1"}
[2025-12-10 09:55:15] User login successful: tien2005 {"ip":"::1"}
[2025-12-10 09:55:45] User logout: tien2005 {"ip":"::1"}
[2025-12-10 09:55:48] User login successful: 4651050265 {"ip":"::1"}
[2025-12-10 10:42:27] User logout: 4651050265 {"ip":"::1"}
[2025-12-10 10:42:30] User login successful: tien2005 {"ip":"::1"}
[2025-12-10 10:42:51] User logout: tien2005 {"ip":"::1"}
[2025-12-10 10:42:54] User login successful: 4651050265 {"ip":"::1"}
[2025-12-10 10:55:09] Member request approved {"club_id":5,"member_id":4,"approved_by":1}
[2025-12-10 10:55:53] User logout: 4651050265 {"ip":"::1"}
[2025-12-10 10:55:57] User login successful: tien2005 {"ip":"::1"}
[2025-12-10 10:56:15] User logout: tien2005 {"ip":"::1"}
[2025-12-10 10:56:20] User login successful: 4651050265 {"ip":"::1"}
[2025-12-10 10:56:28] Member request approved {"club_id":5,"member_id":5,"approved_by":1}
[2025-12-10 11:03:43] User login successful: tien2005 {"ip":"::1"}
[2025-12-10 11:11:32] User logout: tien2005 {"ip":"::1"}
[2025-12-10 11:11:35] User login successful: 4651050265 {"ip":"::1"}
[2025-12-10 11:13:11] User logout: 4651050265 {"ip":"::1"}
[2025-12-10 11:13:14] User login successful: tien2005 {"ip":"::1"}
[2025-12-10 11:15:53] User logout: tien2005 {"ip":"::1"}
[2025-12-10 11:15:57] User login successful: 4651050265 {"ip":"::1"}
[2025-12-10 11:20:48] User logout: 4651050265 {"ip":"::1"}
[2025-12-10 11:20:51] User login successful: tien2005 {"ip":"::1"}
[2025-12-10 11:22:34] User logout: tien2005 {"ip":"::1"}
[2025-12-10 11:22:37] User login successful: 4651050265 {"ip":"::1"}
[2025-12-10 11:32:11] User logout: 4651050265 {"ip":"::1"}
[2025-12-10 11:32:14] User login successful: tien2005 {"ip":"::1"}
[2025-12-10 11:33:51] User logout: tien2005 {"ip":"::1"}
[2025-12-10 11:33:55] User login successful: 4651050265 {"ip":"::1"}
[2025-12-10 11:39:58] User logout: 4651050265 {"ip":"::1"}
[2025-12-10 11:40:00] User login successful: tien2005 {"ip":"::1"}
[2025-12-10 12:06:52] User logout: tien2005 {"ip":"::1"}
[2025-12-10 12:07:06] User login successful: Admin {"ip":"::1"}
[2025-12-10 12:10:00] User logout: Admin {"ip":"::1"}
[2025-12-10 12:10:04] User login successful: Admin {"ip":"::1"}
[2025-12-10 12:18:17] User login successful: Admin {"ip":"::1"}
[2025-12-10 12:18:20] User login successful: Admin {"ip":"::1"}
[2025-12-10 12:18:39] User login successful: 4651050265 {"ip":"::1"}
[2025-12-10 16:46:39] User logout: 4651050265 {"ip":"::1"}
[2025-12-10 16:46:43] User login successful: Admin {"ip":"::1"}
[2025-12-10 16:47:57] User logout: Admin {"ip":"::1"}
[2025-12-10 16:47:59] User login successful: Admin {"ip":"::1"}
[2025-12-10 21:42:02] User logout: Admin {"ip":"::1"}
[2025-12-10 21:42:05] User login successful: 4651050265 {"ip":"::1"}
[2025-12-10 21:45:33] Member added to club {"club_id":5,"user_id":3,"added_by":1}
